{"name": "抖音正常登录流程验证", "status": "broken", "statusDetails": {"message": "selenium.common.exceptions.TimeoutException: Message: \nStacktrace:\n\tGetHandleVerifier [0x0x7ff69d2c82b5+23461]\n\t(No symbol) [0x0x7ff69d21c3a0]\n\tGetHandleVerifier [0x0x7ff69d5401e8+2611928]\n\t(No symbol) [0x0x7ff69d0391a8]\n\t(No symbol) [0x0x7ff69d03946b]\n\t(No symbol) [0x0x7ff69d079a67]\n\t(No symbol) [0x0x7ff69d05a6ff]\n\t(No symbol) [0x0x7ff69d02f58d]\n\t(No symbol) [0x0x7ff69d07754f]\n\t(No symbol) [0x0x7ff69d05a423]\n\t(No symbol) [0x0x7ff69d02ea86]\n\t(No symbol) [0x0x7ff69d02dd11]\n\t(No symbol) [0x0x7ff69d02e8b3]\n\t(No symbol) [0x0x7ff69d12dd3d]\n\t(No symbol) [0x0x7ff69d13b0c8]\n\tGetHandleVerifier [0x0x7ff69d3a80fb+940523]\n\tGetHandleVerifier [0x0x7ff69d3b0e51+976705]\n\t(No symbol) [0x0x7ff69d229f91]\n\t(No symbol) [0x0x7ff69d222974]\n\t(No symbol) [0x0x7ff69d222ac3]\n\t(No symbol) [0x0x7ff69d214566]\n\tBaseThreadInitThunk [0x0x7ffb7fe6259d+29]\n\tRtlUserThreadStart [0x0x7ffb805caf78+40]", "trace": "self = <test_login.TestDouyinLogin object at 0x00000248BE445D00>\ndriver = <selenium.webdriver.edge.webdriver.WebDriver (session=\"835927a305a4911d68a09771aa88e3f8\")>\n\n    @allure.story(\"使用账号密码登录\")\n    @allure.title(\"抖音正常登录流程验证\")\n    @allure.description(\"测试使用正确的账号密码完成抖音登录，并验证登录结果\")\n    @allure.severity(allure.severity_level.CRITICAL)\n    def test_douyin_login(self, driver):\n        \"\"\"测试抖音账号密码登录流程\"\"\"\n        logger.info(\"===== 开始执行抖音登录测试 =====\")\n    \n        # 初始化登录页面\n        login_page = LoginPage(driver)\n    \n        with allure.step(\"打开抖音首页\"):\n            login_page.open_page()\n            logger.info(f\"已打开抖音首页: {login_page.URL}\")\n    \n        with allure.step(\"添加登录Cookies\"):\n            logger.info(\"开始添加Cookies\")\n            addCookies(driver)\n            # 添加Cookies后刷新页面使Cookies生效\n            driver.refresh()\n            logger.info(\"Cookies添加完成并刷新页面\")\n    \n        with allure.step(\"打开登录入口\"):\n>           login_page.click_login_page()\n\ntest_login.py:44: \n_ _ _ _ _ _ _ _ _ _ _ _ _ _ _ _ _ _ _ _ _ _ _ _ _ _ _ _ _ _ _ _ _ _ _ _ _ _ _ _\n..\\page_objects\\login_page.py:35: in click_login_page\n    self.click(self.LOGIN_PAGE)\n..\\page_objects\\base_page.py:19: in click\n    self.wait.until(EC.element_to_be_clickable(locator)).click()\n_ _ _ _ _ _ _ _ _ _ _ _ _ _ _ _ _ _ _ _ _ _ _ _ _ _ _ _ _ _ _ _ _ _ _ _ _ _ _ _\n\nself = <selenium.webdriver.support.wait.WebDriverWait (session=\"835927a305a4911d68a09771aa88e3f8\")>\nmethod = <function element_to_be_clickable.<locals>._predicate at 0x00000248BE475280>\nmessage = ''\n\n    def until(self, method: Callable[[D], Union[Literal[False], T]], message: str = \"\") -> T:\n        \"\"\"Wait until the method returns a value that is not False.\n    \n        Calls the method provided with the driver as an argument until the\n        return value does not evaluate to ``False``.\n    \n        Parameters:\n        ----------\n        method: callable(WebDriver)\n            - A callable object that takes a WebDriver instance as an argument.\n    \n        message: str\n            - Optional message for :exc:`TimeoutException`\n    \n        Return:\n        -------\n        object: T\n            - The result of the last call to `method`\n    \n        Raises:\n        -------\n        TimeoutException\n            - If 'method' does not return a truthy value within the WebDriverWait\n            object's timeout\n    \n        Example:\n        --------\n        >>> from selenium.webdriver.common.by import By\n        >>> from selenium.webdriver.support.ui import WebDriverWait\n        >>> from selenium.webdriver.support import expected_conditions as EC\n    \n        # Wait until an element is visible on the page\n        >>> wait = WebDriverWait(driver, 10)\n        >>> element = wait.until(EC.visibility_of_element_located((By.ID, \"exampleId\")))\n        >>> print(element.text)\n        \"\"\"\n        screen = None\n        stacktrace = None\n    \n        end_time = time.monotonic() + self._timeout\n        while True:\n            try:\n                value = method(self._driver)\n                if value:\n                    return value\n            except self._ignored_exceptions as exc:\n                screen = getattr(exc, \"screen\", None)\n                stacktrace = getattr(exc, \"stacktrace\", None)\n            if time.monotonic() > end_time:\n                break\n            time.sleep(self._poll)\n>       raise TimeoutException(message, screen, stacktrace)\nE       selenium.common.exceptions.TimeoutException: Message: \nE       Stacktrace:\nE       \tGetHandleVerifier [0x0x7ff69d2c82b5+23461]\nE       \t(No symbol) [0x0x7ff69d21c3a0]\nE       \tGetHandleVerifier [0x0x7ff69d5401e8+2611928]\nE       \t(No symbol) [0x0x7ff69d0391a8]\nE       \t(No symbol) [0x0x7ff69d03946b]\nE       \t(No symbol) [0x0x7ff69d079a67]\nE       \t(No symbol) [0x0x7ff69d05a6ff]\nE       \t(No symbol) [0x0x7ff69d02f58d]\nE       \t(No symbol) [0x0x7ff69d07754f]\nE       \t(No symbol) [0x0x7ff69d05a423]\nE       \t(No symbol) [0x0x7ff69d02ea86]\nE       \t(No symbol) [0x0x7ff69d02dd11]\nE       \t(No symbol) [0x0x7ff69d02e8b3]\nE       \t(No symbol) [0x0x7ff69d12dd3d]\nE       \t(No symbol) [0x0x7ff69d13b0c8]\nE       \tGetHandleVerifier [0x0x7ff69d3a80fb+940523]\nE       \tGetHandleVerifier [0x0x7ff69d3b0e51+976705]\nE       \t(No symbol) [0x0x7ff69d229f91]\nE       \t(No symbol) [0x0x7ff69d222974]\nE       \t(No symbol) [0x0x7ff69d222ac3]\nE       \t(No symbol) [0x0x7ff69d214566]\nE       \tBaseThreadInitThunk [0x0x7ffb7fe6259d+29]\nE       \tRtlUserThreadStart [0x0x7ffb805caf78+40]\n\nC:\\Users\\Lenovo\\AppData\\Roaming\\Python\\Python39\\site-packages\\selenium\\webdriver\\support\\wait.py:146: TimeoutException"}, "description": "测试使用正确的账号密码完成抖音登录，并验证登录结果", "steps": [{"name": "打开抖音首页", "status": "passed", "start": 1754470890535, "stop": 1754470890771}, {"name": "添加登录Cookies", "status": "passed", "start": 1754470890771, "stop": 1754470896784}, {"name": "打开登录入口", "status": "broken", "statusDetails": {"message": "selenium.common.exceptions.TimeoutException: Message: \nStacktrace:\n\tGetHandleVerifier [0x0x7ff69d2c82b5+23461]\n\t(No symbol) [0x0x7ff69d21c3a0]\n\tGetHandleVerifier [0x0x7ff69d5401e8+2611928]\n\t(No symbol) [0x0x7ff69d0391a8]\n\t(No symbol) [0x0x7ff69d03946b]\n\t(No symbol) [0x0x7ff69d079a67]\n\t(No symbol) [0x0x7ff69d05a6ff]\n\t(No symbol) [0x0x7ff69d02f58d]\n\t(No symbol) [0x0x7ff69d07754f]\n\t(No symbol) [0x0x7ff69d05a423]\n\t(No symbol) [0x0x7ff69d02ea86]\n\t(No symbol) [0x0x7ff69d02dd11]\n\t(No symbol) [0x0x7ff69d02e8b3]\n\t(No symbol) [0x0x7ff69d12dd3d]\n\t(No symbol) [0x0x7ff69d13b0c8]\n\tGetHandleVerifier [0x0x7ff69d3a80fb+940523]\n\tGetHandleVerifier [0x0x7ff69d3b0e51+976705]\n\t(No symbol) [0x0x7ff69d229f91]\n\t(No symbol) [0x0x7ff69d222974]\n\t(No symbol) [0x0x7ff69d222ac3]\n\t(No symbol) [0x0x7ff69d214566]\n\tBaseThreadInitThunk [0x0x7ffb7fe6259d+29]\n\tRtlUserThreadStart [0x0x7ffb805caf78+40]\n\n", "trace": "  File \"D:\\PycharmProjects\\douyin_test_ui\\tests\\test_login.py\", line 44, in test_douyin_login\n    login_page.click_login_page()\n  File \"D:\\PycharmProjects\\douyin_test_ui\\page_objects\\login_page.py\", line 35, in click_login_page\n    self.click(self.LOGIN_PAGE)\n  File \"D:\\PycharmProjects\\douyin_test_ui\\page_objects\\base_page.py\", line 19, in click\n    self.wait.until(EC.element_to_be_clickable(locator)).click()\n  File \"C:\\Users\\Lenovo\\AppData\\Roaming\\Python\\Python39\\site-packages\\selenium\\webdriver\\support\\wait.py\", line 146, in until\n    raise TimeoutException(message, screen, stacktrace)\n"}, "start": 1754470896785, "stop": 1754470906799}], "attachments": [{"name": "log", "source": "51781418-a9df-450c-97bd-0c4dfd9b58f5-attachment.txt", "type": "text/plain"}], "start": 1754470890535, "stop": 1754470906801, "uuid": "756c9de0-bec5-4353-b10c-9c21176cbc2f", "historyId": "6ef98e80cc0e77a22d9cf759ae19a06c", "testCaseId": "6ef98e80cc0e77a22d9cf759ae19a06c", "fullName": "tests.test_login.TestDouyinLogin#test_douyin_login", "labels": [{"name": "severity", "value": "critical"}, {"name": "feature", "value": "抖音登录功能"}, {"name": "story", "value": "使用账号密码登录"}, {"name": "parentSuite", "value": "tests"}, {"name": "suite", "value": "test_login"}, {"name": "subSuite", "value": "TestDouyinLogin"}, {"name": "host", "value": "LAPTOP-U5C3T47T"}, {"name": "thread", "value": "33812-MainThread"}, {"name": "framework", "value": "pytest"}, {"name": "language", "value": "cpython3"}, {"name": "package", "value": "tests.test_login"}]}