{"name": "抖音正常登录流程验证", "status": "broken", "statusDetails": {"message": "selenium.common.exceptions.StaleElementReferenceException: Message: stale element reference: stale element not found in the current frame\n  (Session info: MicrosoftEdge=138.0.3351.121); For documentation on this error, please visit: https://www.selenium.dev/documentation/webdriver/troubleshooting/errors#stale-element-reference-exception\nStacktrace:\n\tGetHandleVerifier [0x0x7ff69d2c82b5+23461]\n\t(No symbol) [0x0x7ff69d21c3a0]\n\tGetHandleVerifier [0x0x7ff69d5401e8+2611928]\n\t(No symbol) [0x0x7ff69cff381c]\n\t(No symbol) [0x0x7ff69cff60ac]\n\t(No symbol) [0x0x7ff69cff617f]\n\t(No symbol) [0x0x7ff69d03af91]\n\t(No symbol) [0x0x7ff69d02fb66]\n\t(No symbol) [0x0x7ff69d05a6ba]\n\t(No symbol) [0x0x7ff69d02f58d]\n\t(No symbol) [0x0x7ff69d02f44d]\n\t(No symbol) [0x0x7ff69d05a980]\n\t(No symbol) [0x0x7ff69d02f58d]\n\t(No symbol) [0x0x7ff69d07754f]\n\t(No symbol) [0x0x7ff69d05a423]\n\t(No symbol) [0x0x7ff69d02ea86]\n\t(No symbol) [0x0x7ff69d02dd11]\n\t(No symbol) [0x0x7ff69d02e8b3]\n\t(No symbol) [0x0x7ff69d12dd3d]\n\t(No symbol) [0x0x7ff69d13b0c8]\n\tGetHandleVerifier [0x0x7ff69d3a80fb+940523]\n\tGetHandleVerifier [0x0x7ff69d3b0e51+976705]\n\t(No symbol) [0x0x7ff69d229f91]\n\t(No symbol) [0x0x7ff69d222974]\n\t(No symbol) [0x0x7ff69d222ac3]\n\t(No symbol) [0x0x7ff69d214566]\n\tBaseThreadInitThunk [0x0x7ffb7fe6259d+29]\n\tRtlUserThreadStart [0x0x7ffb805caf78+40]", "trace": "self = <test_login.TestDouyinLogin object at 0x00000252EBB1C0D0>\ndriver = <selenium.webdriver.edge.webdriver.WebDriver (session=\"dcf839b4b0af9e2f9154e627eaa381bb\")>\n\n    @allure.story(\"使用账号密码登录\")\n    @allure.title(\"抖音正常登录流程验证\")\n    @allure.description(\"测试使用正确的账号密码完成抖音登录，并验证登录结果\")\n    @allure.severity(allure.severity_level.CRITICAL)\n    def test_douyin_login(self, driver):\n        \"\"\"测试抖音账号密码登录流程\"\"\"\n        logger.info(\"===== 开始执行抖音登录测试 =====\")\n    \n        # 初始化登录页面\n        login_page = LoginPage(driver)\n    \n        with allure.step(\"打开抖音首页\"):\n            login_page.open_page()\n            logger.info(f\"已打开抖音首页: {login_page.URL}\")\n    \n    \n    \n        with allure.step(\"打开登录入口\"):\n>           login_page.click_login_page()\n\ntest_login.py:39: \n_ _ _ _ _ _ _ _ _ _ _ _ _ _ _ _ _ _ _ _ _ _ _ _ _ _ _ _ _ _ _ _ _ _ _ _ _ _ _ _\n..\\page_objects\\login_page.py:35: in click_login_page\n    self.click(self.LOGIN_PAGE)\n..\\page_objects\\base_page.py:19: in click\n    self.wait.until(EC.element_to_be_clickable(locator)).click()\nC:\\Users\\Lenovo\\AppData\\Roaming\\Python\\Python39\\site-packages\\selenium\\webdriver\\remote\\webelement.py:119: in click\n    self._execute(Command.CLICK_ELEMENT)\nC:\\Users\\Lenovo\\AppData\\Roaming\\Python\\Python39\\site-packages\\selenium\\webdriver\\remote\\webelement.py:572: in _execute\n    return self._parent.execute(command, params)\nC:\\Users\\Lenovo\\AppData\\Roaming\\Python\\Python39\\site-packages\\selenium\\webdriver\\remote\\webdriver.py:429: in execute\n    self.error_handler.check_response(response)\n_ _ _ _ _ _ _ _ _ _ _ _ _ _ _ _ _ _ _ _ _ _ _ _ _ _ _ _ _ _ _ _ _ _ _ _ _ _ _ _\n\nself = <selenium.webdriver.remote.errorhandler.ErrorHandler object at 0x00000252EBAFCFA0>\nresponse = {'status': 404, 'value': '{\"value\":{\"error\":\"stale element reference\",\"message\":\"stale element reference: stale elemen...[0x0x7ff69d214566]\\\\n\\\\tBaseThreadInitThunk [0x0x7ffb7fe6259d+29]\\\\n\\\\tRtlUserThreadStart [0x0x7ffb805caf78+40]\\\\n\"}}'}\n\n    def check_response(self, response: Dict[str, Any]) -> None:\n        \"\"\"Checks that a JSON response from the WebDriver does not have an\n        error.\n    \n        :Args:\n         - response - The JSON response from the WebDriver server as a dictionary\n           object.\n    \n        :Raises: If the response contains an error message.\n        \"\"\"\n        status = response.get(\"status\", None)\n        if not status or status == ErrorCode.SUCCESS:\n            return\n        value = None\n        message = response.get(\"message\", \"\")\n        screen: str = response.get(\"screen\", \"\")\n        stacktrace = None\n        if isinstance(status, int):\n            value_json = response.get(\"value\", None)\n            if value_json and isinstance(value_json, str):\n                import json\n    \n                try:\n                    value = json.loads(value_json)\n                    if len(value) == 1:\n                        value = value[\"value\"]\n                    status = value.get(\"error\", None)\n                    if not status:\n                        status = value.get(\"status\", ErrorCode.UNKNOWN_ERROR)\n                        message = value.get(\"value\") or value.get(\"message\")\n                        if not isinstance(message, str):\n                            value = message\n                            message = message.get(\"message\")\n                    else:\n                        message = value.get(\"message\", None)\n                except ValueError:\n                    pass\n    \n        exception_class: Type[WebDriverException]\n        e = ErrorCode()\n        error_codes = [item for item in dir(e) if not item.startswith(\"__\")]\n        for error_code in error_codes:\n            error_info = getattr(ErrorCode, error_code)\n            if isinstance(error_info, list) and status in error_info:\n                exception_class = getattr(ExceptionMapping, error_code, WebDriverException)\n                break\n        else:\n            exception_class = WebDriverException\n    \n        if not value:\n            value = response[\"value\"]\n        if isinstance(value, str):\n            raise exception_class(value)\n        if message == \"\" and \"message\" in value:\n            message = value[\"message\"]\n    \n        screen = None  # type: ignore[assignment]\n        if \"screen\" in value:\n            screen = value[\"screen\"]\n    \n        stacktrace = None\n        st_value = value.get(\"stackTrace\") or value.get(\"stacktrace\")\n        if st_value:\n            if isinstance(st_value, str):\n                stacktrace = st_value.split(\"\\n\")\n            else:\n                stacktrace = []\n                try:\n                    for frame in st_value:\n                        line = frame.get(\"lineNumber\", \"\")\n                        file = frame.get(\"fileName\", \"<anonymous>\")\n                        if line:\n                            file = f\"{file}:{line}\"\n                        meth = frame.get(\"methodName\", \"<anonymous>\")\n                        if \"className\" in frame:\n                            meth = f\"{frame['className']}.{meth}\"\n                        msg = \"    at %s (%s)\"\n                        msg = msg % (meth, file)\n                        stacktrace.append(msg)\n                except TypeError:\n                    pass\n        if exception_class == UnexpectedAlertPresentException:\n            alert_text = None\n            if \"data\" in value:\n                alert_text = value[\"data\"].get(\"text\")\n            elif \"alert\" in value:\n                alert_text = value[\"alert\"].get(\"text\")\n            raise exception_class(message, screen, stacktrace, alert_text)  # type: ignore[call-arg]  # mypy is not smart enough here\n>       raise exception_class(message, screen, stacktrace)\nE       selenium.common.exceptions.StaleElementReferenceException: Message: stale element reference: stale element not found in the current frame\nE         (Session info: MicrosoftEdge=138.0.3351.121); For documentation on this error, please visit: https://www.selenium.dev/documentation/webdriver/troubleshooting/errors#stale-element-reference-exception\nE       Stacktrace:\nE       \tGetHandleVerifier [0x0x7ff69d2c82b5+23461]\nE       \t(No symbol) [0x0x7ff69d21c3a0]\nE       \tGetHandleVerifier [0x0x7ff69d5401e8+2611928]\nE       \t(No symbol) [0x0x7ff69cff381c]\nE       \t(No symbol) [0x0x7ff69cff60ac]\nE       \t(No symbol) [0x0x7ff69cff617f]\nE       \t(No symbol) [0x0x7ff69d03af91]\nE       \t(No symbol) [0x0x7ff69d02fb66]\nE       \t(No symbol) [0x0x7ff69d05a6ba]\nE       \t(No symbol) [0x0x7ff69d02f58d]\nE       \t(No symbol) [0x0x7ff69d02f44d]\nE       \t(No symbol) [0x0x7ff69d05a980]\nE       \t(No symbol) [0x0x7ff69d02f58d]\nE       \t(No symbol) [0x0x7ff69d07754f]\nE       \t(No symbol) [0x0x7ff69d05a423]\nE       \t(No symbol) [0x0x7ff69d02ea86]\nE       \t(No symbol) [0x0x7ff69d02dd11]\nE       \t(No symbol) [0x0x7ff69d02e8b3]\nE       \t(No symbol) [0x0x7ff69d12dd3d]\nE       \t(No symbol) [0x0x7ff69d13b0c8]\nE       \tGetHandleVerifier [0x0x7ff69d3a80fb+940523]\nE       \tGetHandleVerifier [0x0x7ff69d3b0e51+976705]\nE       \t(No symbol) [0x0x7ff69d229f91]\nE       \t(No symbol) [0x0x7ff69d222974]\nE       \t(No symbol) [0x0x7ff69d222ac3]\nE       \t(No symbol) [0x0x7ff69d214566]\nE       \tBaseThreadInitThunk [0x0x7ffb7fe6259d+29]\nE       \tRtlUserThreadStart [0x0x7ffb805caf78+40]\n\nC:\\Users\\Lenovo\\AppData\\Roaming\\Python\\Python39\\site-packages\\selenium\\webdriver\\remote\\errorhandler.py:232: StaleElementReferenceException"}, "description": "测试使用正确的账号密码完成抖音登录，并验证登录结果", "steps": [{"name": "打开抖音首页", "status": "passed", "start": 1754470963224, "stop": 1754470963520}, {"name": "打开登录入口", "status": "broken", "statusDetails": {"message": "selenium.common.exceptions.StaleElementReferenceException: Message: stale element reference: stale element not found in the current frame\n  (Session info: MicrosoftEdge=138.0.3351.121); For documentation on this error, please visit: https://www.selenium.dev/documentation/webdriver/troubleshooting/errors#stale-element-reference-exception\nStacktrace:\n\tGetHandleVerifier [0x0x7ff69d2c82b5+23461]\n\t(No symbol) [0x0x7ff69d21c3a0]\n\tGetHandleVerifier [0x0x7ff69d5401e8+2611928]\n\t(No symbol) [0x0x7ff69cff381c]\n\t(No symbol) [0x0x7ff69cff60ac]\n\t(No symbol) [0x0x7ff69cff617f]\n\t(No symbol) [0x0x7ff69d03af91]\n\t(No symbol) [0x0x7ff69d02fb66]\n\t(No symbol) [0x0x7ff69d05a6ba]\n\t(No symbol) [0x0x7ff69d02f58d]\n\t(No symbol) [0x0x7ff69d02f44d]\n\t(No symbol) [0x0x7ff69d05a980]\n\t(No symbol) [0x0x7ff69d02f58d]\n\t(No symbol) [0x0x7ff69d07754f]\n\t(No symbol) [0x0x7ff69d05a423]\n\t(No symbol) [0x0x7ff69d02ea86]\n\t(No symbol) [0x0x7ff69d02dd11]\n\t(No symbol) [0x0x7ff69d02e8b3]\n\t(No symbol) [0x0x7ff69d12dd3d]\n\t(No symbol) [0x0x7ff69d13b0c8]\n\tGetHandleVerifier [0x0x7ff69d3a80fb+940523]\n\tGetHandleVerifier [0x0x7ff69d3b0e51+976705]\n\t(No symbol) [0x0x7ff69d229f91]\n\t(No symbol) [0x0x7ff69d222974]\n\t(No symbol) [0x0x7ff69d222ac3]\n\t(No symbol) [0x0x7ff69d214566]\n\tBaseThreadInitThunk [0x0x7ffb7fe6259d+29]\n\tRtlUserThreadStart [0x0x7ffb805caf78+40]\n\n", "trace": "  File \"D:\\PycharmProjects\\douyin_test_ui\\tests\\test_login.py\", line 39, in test_douyin_login\n    login_page.click_login_page()\n  File \"D:\\PycharmProjects\\douyin_test_ui\\page_objects\\login_page.py\", line 35, in click_login_page\n    self.click(self.LOGIN_PAGE)\n  File \"D:\\PycharmProjects\\douyin_test_ui\\page_objects\\base_page.py\", line 19, in click\n    self.wait.until(EC.element_to_be_clickable(locator)).click()\n  File \"C:\\Users\\Lenovo\\AppData\\Roaming\\Python\\Python39\\site-packages\\selenium\\webdriver\\remote\\webelement.py\", line 119, in click\n    self._execute(Command.CLICK_ELEMENT)\n  File \"C:\\Users\\Lenovo\\AppData\\Roaming\\Python\\Python39\\site-packages\\selenium\\webdriver\\remote\\webelement.py\", line 572, in _execute\n    return self._parent.execute(command, params)\n  File \"C:\\Users\\Lenovo\\AppData\\Roaming\\Python\\Python39\\site-packages\\selenium\\webdriver\\remote\\webdriver.py\", line 429, in execute\n    self.error_handler.check_response(response)\n  File \"C:\\Users\\Lenovo\\AppData\\Roaming\\Python\\Python39\\site-packages\\selenium\\webdriver\\remote\\errorhandler.py\", line 232, in check_response\n    raise exception_class(message, screen, stacktrace)\n"}, "start": 1754470963520, "stop": 1754470968994}], "attachments": [{"name": "log", "source": "abcd1d5a-5e74-46d8-8e5a-c003482b6701-attachment.txt", "type": "text/plain"}], "start": 1754470963223, "stop": 1754470969000, "uuid": "f15dcebc-0905-4f17-8db1-7f913b5a605e", "historyId": "6ef98e80cc0e77a22d9cf759ae19a06c", "testCaseId": "6ef98e80cc0e77a22d9cf759ae19a06c", "fullName": "tests.test_login.TestDouyinLogin#test_douyin_login", "labels": [{"name": "feature", "value": "抖音登录功能"}, {"name": "story", "value": "使用账号密码登录"}, {"name": "severity", "value": "critical"}, {"name": "parentSuite", "value": "tests"}, {"name": "suite", "value": "test_login"}, {"name": "subSuite", "value": "TestDouyinLogin"}, {"name": "host", "value": "LAPTOP-U5C3T47T"}, {"name": "thread", "value": "32292-MainThread"}, {"name": "framework", "value": "pytest"}, {"name": "language", "value": "cpython3"}, {"name": "package", "value": "tests.test_login"}]}